f:\github\polytechnic work\ads\glennsp1_perfectmaze\perfectmaze\debug\perfectmaze.pch
f:\github\polytechnic work\ads\glennsp1_perfectmaze\perfectmaze\debug\vc120.pdb
f:\github\polytechnic work\ads\glennsp1_perfectmaze\perfectmaze\debug\stdafx.obj
f:\github\polytechnic work\ads\glennsp1_perfectmaze\perfectmaze\debug\assemblyinfo.obj
f:\github\polytechnic work\ads\glennsp1_perfectmaze\perfectmaze\debug\.netframework,version=v4.0.assemblyattributes.obj
f:\github\polytechnic work\ads\glennsp1_perfectmaze\perfectmaze\debug\perfectmaze.obj
f:\github\polytechnic work\ads\glennsp1_perfectmaze\perfectmaze\debug\manager.obj
f:\github\polytechnic work\ads\glennsp1_perfectmaze\perfectmaze\debug\display.obj
f:\github\polytechnic work\ads\glennsp1_perfectmaze\perfectmaze\debug\mazesolver.obj
f:\github\polytechnic work\ads\glennsp1_perfectmaze\perfectmaze\debug\mazegenerator.obj
f:\github\polytechnic work\ads\glennsp1_perfectmaze\debug\perfectmaze.exe
f:\github\polytechnic work\ads\glennsp1_perfectmaze\debug\perfectmaze.pdb
f:\github\polytechnic work\ads\glennsp1_perfectmaze\perfectmaze\debug\perfectmaze.form1.resources
f:\github\polytechnic work\ads\glennsp1_perfectmaze\perfectmaze\debug\app.res
f:\github\polytechnic work\ads\glennsp1_perfectmaze\perfectmaze\debug\perfectmaze.vcxproj.generateresource.cache
f:\github\polytechnic work\ads\glennsp1_perfectmaze\perfectmaze\debug\perfectmaze.vcxprojresolveassemblyreference.cache
f:\github\polytechnic work\ads\glennsp1_perfectmaze\perfectmaze\debug\perfectmaze.exe.intermediate.manifest
f:\github\polytechnic work\ads\glennsp1_perfectmaze\perfectmaze\debug\vc90.idb
f:\github\polytechnic work\ads\glennsp1_perfectmaze\perfectmaze\debug\vc90.pdb
f:\github\polytechnic work\ads\glennsp1_perfectmaze\perfectmaze\debug\perfectmaze.tlog\cl.command.1.tlog
f:\github\polytechnic work\ads\glennsp1_perfectmaze\perfectmaze\debug\perfectmaze.tlog\cl.read.1.tlog
f:\github\polytechnic work\ads\glennsp1_perfectmaze\perfectmaze\debug\perfectmaze.tlog\cl.write.1.tlog
f:\github\polytechnic work\ads\glennsp1_perfectmaze\perfectmaze\debug\perfectmaze.tlog\link.command.1.tlog
f:\github\polytechnic work\ads\glennsp1_perfectmaze\perfectmaze\debug\perfectmaze.tlog\link.read.1.tlog
f:\github\polytechnic work\ads\glennsp1_perfectmaze\perfectmaze\debug\perfectmaze.tlog\link.write.1.tlog
f:\github\polytechnic work\ads\glennsp1_perfectmaze\perfectmaze\debug\perfectmaze.tlog\metagen.read.1.tlog
f:\github\polytechnic work\ads\glennsp1_perfectmaze\perfectmaze\debug\perfectmaze.tlog\metagen.write.1.tlog
f:\github\polytechnic work\ads\glennsp1_perfectmaze\perfectmaze\debug\perfectmaze.tlog\perfectmaze.write.1u.tlog
f:\github\polytechnic work\ads\glennsp1_perfectmaze\perfectmaze\debug\perfectmaze.tlog\rc.command.1.tlog
f:\github\polytechnic work\ads\glennsp1_perfectmaze\perfectmaze\debug\perfectmaze.tlog\rc.read.1.tlog
f:\github\polytechnic work\ads\glennsp1_perfectmaze\perfectmaze\debug\perfectmaze.tlog\rc.write.1.tlog
f:\github\polytechnic work\ads\glennsp1_perfectmaze\perfectmaze\debug\perfectmaze.tlog\tzres.dll.bi
